<?xml version="1.0" encoding="UTF-8"?>
<!-- Generated by org.testng.reporters.JUnitReportReporter -->
<testsuite skipped="0" hostname="Janas-MacBook-Pro.local" name="scripts.CarvanaHeaderTest" tests="2" failures="0" timestamp="2023-02-06T16:57:14 CST" time="48.503" errors="0">
  <testcase name="validatingCarvanaLogo" time="23.441" classname="scripts.CarvanaHeaderTest"/>
  <system-out/>
  <testcase name="validatingNavigationSection" time="25.062" classname="scripts.CarvanaHeaderTest"/>
  <system-out/>
</testsuite> <!-- scripts.CarvanaHeaderTest -->
