<?xml version="1.0" encoding="UTF-8"?>
<!-- Generated by org.testng.reporters.JUnitReportReporter -->
<testsuite skipped="0" hostname="Janas-MBP.local.tld" name="scripts.CarvanaSearchCarsTest" tests="2" failures="0" timestamp="2023-02-04T14:16:14 CST" time="76.438" errors="0">
  <testcase name="validatingFilterOptionOnCarSearchPage" time="34.847" classname="scripts.CarvanaSearchCarsTest"/>
  <system-out/>
  <testcase name="validatingSearchResultTiles" time="41.591" classname="scripts.CarvanaSearchCarsTest"/>
  <system-out/>
</testsuite> <!-- scripts.CarvanaSearchCarsTest -->
