<?xml version="1.0" encoding="UTF-8"?>
<!-- Generated by org.testng.reporters.JUnitReportReporter -->
<testsuite skipped="0" hostname="Janas-MacBook-Pro.local" name="scripts.CarvanaHomepageTest" tests="1" failures="0" timestamp="2023-02-06T16:57:14 CST" time="25.582" errors="0">
  <testcase name="validatingPageTitleUrl" time="25.582" classname="scripts.CarvanaHomepageTest"/>
  <system-out/>
</testsuite> <!-- scripts.CarvanaHomepageTest -->
