<?xml version="1.0" encoding="UTF-8"?>
<!-- Generated by org.testng.reporters.JUnitReportReporter -->
<testsuite skipped="0" hostname="Janas-MacBook-Pro.local" name="scripts.CarvanaSearchCarsTest" tests="2" failures="0" timestamp="2023-02-06T16:57:14 CST" time="87.775" errors="0">
  <testcase name="validatingFilterOptionOnCarSearchPage" time="38.102" classname="scripts.CarvanaSearchCarsTest"/>
  <system-out/>
  <testcase name="validatingSearchResultTiles" time="49.673" classname="scripts.CarvanaSearchCarsTest"/>
  <system-out/>
</testsuite> <!-- scripts.CarvanaSearchCarsTest -->
