<?xml version="1.0" encoding="UTF-8"?>
<!-- Generated by org.testng.reporters.JUnitReportReporter -->
<testsuite skipped="0" hostname="Janas-MBP.local.tld" name="scripts.CarvanaHomepageTest" tests="1" failures="0" timestamp="2023-02-04T14:16:14 CST" time="21.992" errors="0">
  <testcase name="validatingPageTitleUrl" time="21.992" classname="scripts.CarvanaHomepageTest"/>
  <system-out/>
</testsuite> <!-- scripts.CarvanaHomepageTest -->
