<?xml version="1.0" encoding="UTF-8"?>
<!-- Generated by org.testng.reporters.JUnitReportReporter -->
<testsuite skipped="0" hostname="Janas-MBP.local.tld" name="scripts.CarvanaHeaderTest" tests="2" failures="0" timestamp="2023-02-04T14:16:14 CST" time="50.387" errors="0">
  <testcase name="validatingCarvanaLogo" time="23.131" classname="scripts.CarvanaHeaderTest"/>
  <system-out/>
  <testcase name="validatingNavigationSection" time="27.256" classname="scripts.CarvanaHeaderTest"/>
  <system-out/>
</testsuite> <!-- scripts.CarvanaHeaderTest -->
