<?xml version="1.0" encoding="UTF-8"?>
<!-- Generated by org.testng.reporters.JUnitReportReporter -->
<testsuite skipped="0" hostname="Janas-MacBook-Pro.local" name="scripts.CarvanaSignInTest" tests="1" failures="0" timestamp="2023-02-06T16:57:14 CST" time="31.030" errors="0">
  <testcase name="validatingSignInErrorMessage" time="31.030" classname="scripts.CarvanaSignInTest"/>
  <system-out/>
</testsuite> <!-- scripts.CarvanaSignInTest -->
